2021-07-11 19:51:31 [logger INFO] DayTrader  Initializing
2021-07-11 19:51:31 [logger INFO] FileHandlerModule  Initializing
2021-07-11 19:51:31 [logger INFO] FileHandlerModule Successfully initialized
2021-07-11 19:51:31 [logger INFO] Initializing Bloomberg Order Router
2021-07-11 19:51:31 [logger INFO] Connecting to localhost:8194
2021-07-11 19:51:31 [logger INFO] Bloomberg Order Router Initialized
2021-07-11 19:51:31 [logger INFO] SingletonModuleHandler Successfully initializer
2021-07-11 19:51:31 [logger INFO] Initializing Generic Market Order Router
2021-07-11 19:51:31 [logger INFO] Processing Bloomberg SESSION_STATUS event
2021-07-11 19:51:31 [logger INFO] Bloomberg Session Connection is UP...
2021-07-11 19:51:31 [logger INFO] Processing Bloomberg SESSION_STATUS event
2021-07-11 19:51:31 [logger INFO] Bloomberg Session started...
2021-07-11 19:51:31 [logger INFO] SingletonModuleHandler Successfully initializer
2021-07-11 19:51:31 [logger INFO] Generic Market Order Router Initialized
2021-07-11 19:51:32 [logger INFO] SignalTracker  Initializing
2021-07-11 19:51:32 [logger INFO] Starting Trading Signal Scrapping
2021-07-11 19:51:32 [logger INFO] Opening Chrome window
2021-07-11 19:51:32 [logger INFO] Re transmitting previously sent trading signals
2021-07-11 19:51:32 [logger INFO] SignalTracker Successfully initialized
2021-07-11 19:51:33 [logger INFO] DayTrader Successfully initialized
2021-07-11 19:51:59 [logger INFO] DayTrader  Initializing
2021-07-11 19:51:59 [logger INFO] FileHandlerModule  Initializing
2021-07-11 19:51:59 [logger INFO] FileHandlerModule Successfully initialized
2021-07-11 19:51:59 [logger INFO] Initializing Bloomberg Order Router
2021-07-11 19:51:59 [logger INFO] Connecting to localhost:8194
2021-07-11 19:51:59 [logger INFO] Bloomberg Order Router Initialized
2021-07-11 19:51:59 [logger INFO] SingletonModuleHandler Successfully initializer
2021-07-11 19:51:59 [logger INFO] Initializing Generic Market Order Router
2021-07-11 19:51:59 [logger INFO] SingletonModuleHandler Successfully initializer
2021-07-11 19:51:59 [logger INFO] Generic Market Order Router Initialized
2021-07-11 19:51:59 [logger INFO] Processing Bloomberg SESSION_STATUS event
2021-07-11 19:51:59 [logger INFO] Bloomberg Session Connection is UP...
2021-07-11 19:51:59 [logger INFO] Processing Bloomberg SESSION_STATUS event
2021-07-11 19:51:59 [logger INFO] Bloomberg Session started...
2021-07-11 19:51:59 [logger INFO] SignalTracker  Initializing
2021-07-11 19:51:59 [logger INFO] Starting Trading Signal Scrapping
2021-07-11 19:51:59 [logger INFO] Opening Chrome window
2021-07-11 19:51:59 [logger INFO] Re transmitting previously sent trading signals
2021-07-11 19:51:59 [logger INFO] SignalTracker Successfully initialized
2021-07-11 19:52:00 [logger INFO] DayTrader Successfully initialized
2021-07-11 19:52:20 [logger ERROR] Could not recover 2Captcha Request Id:Error recovering 2Captcha request id:ERROR_ZERO_BALANCE
2021-07-11 19:52:23 [logger ERROR] Could not recover the captcha token in the attempt #1:Error recovering capcha token:ERROR_WRONG_CAPTCHA_ID
2021-07-11 20:00:17 [logger INFO] DayTrader  Initializing
2021-07-11 20:00:17 [logger INFO] FileHandlerModule  Initializing
2021-07-11 20:00:17 [logger INFO] FileHandlerModule Successfully initialized
2021-07-11 20:00:17 [logger INFO] Initializing Bloomberg Order Router
2021-07-11 20:00:17 [logger INFO] Connecting to localhost:8194
2021-07-11 20:00:17 [logger INFO] Bloomberg Order Router Initialized
2021-07-11 20:00:17 [logger INFO] SingletonModuleHandler Successfully initializer
2021-07-11 20:00:17 [logger INFO] Processing Bloomberg SESSION_STATUS event
2021-07-11 20:00:17 [logger INFO] Bloomberg Session Connection is UP...
2021-07-11 20:00:17 [logger INFO] Processing Bloomberg SESSION_STATUS event
2021-07-11 20:00:17 [logger INFO] Bloomberg Session started...
2021-07-11 20:00:17 [logger INFO] Initializing Generic Market Order Router
2021-07-11 20:00:17 [logger INFO] SingletonModuleHandler Successfully initializer
2021-07-11 20:00:17 [logger INFO] Generic Market Order Router Initialized
2021-07-11 20:00:17 [logger INFO] SignalTracker  Initializing
2021-07-11 20:00:17 [logger INFO] Starting Trading Signal Scrapping
2021-07-11 20:00:17 [logger INFO] Opening Chrome window
2021-07-11 20:00:17 [logger INFO] Re transmitting previously sent trading signals
2021-07-11 20:00:17 [logger INFO] SignalTracker Successfully initialized
2021-07-11 20:00:18 [logger INFO] DayTrader Successfully initialized
2021-07-11 20:00:21 [logger ERROR] Could not recover 2Captcha Request Id:Error recovering 2Captcha request id:ERROR_ZERO_BALANCE
2021-07-11 20:00:24 [logger ERROR] Could not recover the captcha token in the attempt #1:Error recovering capcha token:ERROR_WRONG_CAPTCHA_ID
2021-07-11 20:01:46 [logger INFO] DayTrader  Initializing
2021-07-11 20:01:46 [logger INFO] FileHandlerModule  Initializing
2021-07-11 20:01:46 [logger INFO] FileHandlerModule Successfully initialized
2021-07-11 20:01:46 [logger INFO] Initializing Bloomberg Order Router
2021-07-11 20:01:46 [logger INFO] Connecting to localhost:8194
2021-07-11 20:01:46 [logger INFO] Bloomberg Order Router Initialized
2021-07-11 20:01:46 [logger INFO] SingletonModuleHandler Successfully initializer
2021-07-11 20:01:46 [logger INFO] Processing Bloomberg SESSION_STATUS event
2021-07-11 20:01:46 [logger INFO] Bloomberg Session Connection is UP...
2021-07-11 20:01:46 [logger INFO] Processing Bloomberg SESSION_STATUS event
2021-07-11 20:01:46 [logger INFO] Bloomberg Session started...
2021-07-11 20:01:46 [logger INFO] Initializing Generic Market Order Router
2021-07-11 20:01:46 [logger INFO] SingletonModuleHandler Successfully initializer
2021-07-11 20:01:46 [logger INFO] Generic Market Order Router Initialized
2021-07-11 20:01:46 [logger INFO] SignalTracker  Initializing
2021-07-11 20:01:46 [logger INFO] Starting Trading Signal Scrapping
2021-07-11 20:01:46 [logger INFO] Opening Chrome window
2021-07-11 20:01:46 [logger INFO] Re transmitting previously sent trading signals
2021-07-11 20:01:46 [logger INFO] SignalTracker Successfully initialized
2021-07-11 20:01:47 [logger INFO] DayTrader Successfully initialized
2021-07-11 20:01:52 [logger ERROR] Could not recover the captcha token in the attempt #1:Error recovering capcha token:CAPCHA_NOT_READY
2021-07-11 20:02:46 [logger INFO] Processing SERVICE_STATUS event
2021-07-11 20:02:46 [logger ERROR] Error: Service //blp/emapisvc failed to open
2021-07-11 20:03:07 [logger ERROR] Failed to log in for user bradoperationslist20+secondary@gmail.com:Message: unknown error: net::ERR_PROXY_CONNECTION_FAILED
  (Session info: chrome=91.0.4472.124)
 
2021-07-11 20:03:12 [logger ERROR] Could not recover the captcha token in the attempt #1:Error recovering capcha token:CAPCHA_NOT_READY
2021-07-11 20:03:33 [logger INFO] DayTrader  Initializing
2021-07-11 20:03:34 [logger INFO] FileHandlerModule  Initializing
2021-07-11 20:03:34 [logger INFO] FileHandlerModule Successfully initialized
2021-07-11 20:03:34 [logger INFO] Initializing Bloomberg Order Router
2021-07-11 20:03:34 [logger INFO] Connecting to localhost:8194
2021-07-11 20:03:34 [logger INFO] Bloomberg Order Router Initialized
2021-07-11 20:03:34 [logger INFO] SingletonModuleHandler Successfully initializer
2021-07-11 20:03:34 [logger INFO] Processing Bloomberg SESSION_STATUS event
2021-07-11 20:03:34 [logger INFO] Bloomberg Session Connection is UP...
2021-07-11 20:03:34 [logger INFO] Processing Bloomberg SESSION_STATUS event
2021-07-11 20:03:34 [logger INFO] Bloomberg Session started...
2021-07-11 20:03:34 [logger INFO] Initializing Generic Market Order Router
2021-07-11 20:03:34 [logger INFO] SingletonModuleHandler Successfully initializer
2021-07-11 20:03:34 [logger INFO] Generic Market Order Router Initialized
2021-07-11 20:03:34 [logger INFO] SignalTracker  Initializing
2021-07-11 20:03:34 [logger INFO] Starting Trading Signal Scrapping
2021-07-11 20:03:34 [logger INFO] Opening Chrome window
2021-07-11 20:03:34 [logger INFO] Re transmitting previously sent trading signals
2021-07-11 20:03:34 [logger INFO] SignalTracker Successfully initialized
2021-07-11 20:03:35 [logger INFO] DayTrader Successfully initialized
2021-07-11 20:03:40 [logger ERROR] Could not recover the captcha token in the attempt #1:Error recovering capcha token:CAPCHA_NOT_READY
2021-07-11 20:04:22 [logger INFO] Searching for trading signals
2021-07-11 20:04:28 [logger INFO] Creating Buy Signal: BUY SIGNAL - COVERING SHORT NFLX $531.89 at <class 'datetime.date'>
2021-07-11 20:04:28 [logger INFO] Creating Sell Signal: SELL SIGNAL - SHORTING TLT $148.45 at 2021-07-08 11:41:00
2021-07-11 20:04:28 [logger INFO] Received trading signal for Symbol NFLX date 2021-07-08 12:45:00 side Side.Buy and price 531.89
2021-07-11 20:04:28 [logger INFO] Discarding old trading signal for Symbol NFLX date 2021-07-08 12:45:00 side Side.Buy and price 531.89
2021-07-11 20:04:28 [logger INFO] Creating Buy Signal: BUY SIGNAL BLDE $8.98 at <class 'datetime.date'>
2021-07-11 20:04:28 [logger INFO] Received trading signal for Symbol TLT date 2021-07-08 11:41:00 side Side.Sell and price 148.45
2021-07-11 20:04:28 [logger INFO] Discarding old trading signal for Symbol TLT date 2021-07-08 11:41:00 side Side.Sell and price 148.45
2021-07-11 20:04:28 [logger INFO] Creating Sell Signal: SELL SIGNAL MCS $19.33 at 2021-07-07 02:59:00
2021-07-11 20:04:28 [logger INFO] Received trading signal for Symbol BLDE date 2021-07-07 03:03:00 side Side.Buy and price 8.98
2021-07-11 20:04:28 [logger INFO] Discarding old trading signal for Symbol BLDE date 2021-07-07 03:03:00 side Side.Buy and price 8.98
2021-07-11 20:04:28 [logger INFO] Creating Buy Signal: BUY SIGNAL FUTU $145.81 at <class 'datetime.date'>
2021-07-11 20:04:28 [logger INFO] Received trading signal for Symbol MCS date 2021-07-07 02:59:00 side Side.Sell and price 19.33
2021-07-11 20:04:28 [logger INFO] Received trading signal for Symbol FUTU date 2021-07-06 02:15:00 side Side.Buy and price 145.81
2021-07-11 20:04:28 [logger INFO] Creating Buy Signal: BUY SIGNAL PLBY $34.74 at <class 'datetime.date'>
2021-07-11 20:04:28 [logger INFO] Discarding old trading signal for Symbol MCS date 2021-07-07 02:59:00 side Side.Sell and price 19.33
2021-07-11 20:04:28 [logger INFO] Discarding old trading signal for Symbol FUTU date 2021-07-06 02:15:00 side Side.Buy and price 145.81
2021-07-11 20:04:28 [logger INFO] Creating Buy Signal: BUY SIGNAL PENN $73.30 at <class 'datetime.date'>
2021-07-11 20:04:28 [logger INFO] Received trading signal for Symbol PLBY date 2021-07-06 02:09:00 side Side.Buy and price 34.74
2021-07-11 20:04:28 [logger INFO] Creating Sell Signal: SELL SIGNAL AWI $108.84 at 2021-07-06 01:59:00
2021-07-11 20:04:28 [logger INFO] Received trading signal for Symbol PENN date 2021-07-06 02:06:00 side Side.Buy and price 73.3
2021-07-11 20:04:28 [logger INFO] Discarding old trading signal for Symbol PLBY date 2021-07-06 02:09:00 side Side.Buy and price 34.74
2021-07-11 20:04:29 [logger INFO] Discarding old trading signal for Symbol PENN date 2021-07-06 02:06:00 side Side.Buy and price 73.3
2021-07-11 20:04:29 [logger INFO] Creating Sell Signal: SELL SIGNAL DUFRY $6.13 at 2021-07-06 01:57:00
2021-07-11 20:04:29 [logger INFO] Received trading signal for Symbol AWI date 2021-07-06 01:59:00 side Side.Sell and price 108.84
2021-07-11 20:04:29 [logger INFO] Creating Buy Signal: BUY SIGNAL - COVERING SHORT CCK $102.07 at <class 'datetime.date'>
2021-07-11 20:04:29 [logger INFO] Received trading signal for Symbol DUFRY date 2021-07-06 01:57:00 side Side.Sell and price 6.13
2021-07-11 20:04:29 [logger INFO] Discarding old trading signal for Symbol AWI date 2021-07-06 01:59:00 side Side.Sell and price 108.84
2021-07-11 20:04:29 [logger INFO] Discarding old trading signal for Symbol DUFRY date 2021-07-06 01:57:00 side Side.Sell and price 6.13
2021-07-11 20:04:29 [logger INFO] Creating Sell Signal: SELL SIGNAL AMN $97.68 at 2021-07-02 10:22:00
2021-07-11 20:04:29 [logger INFO] Received trading signal for Symbol CCK date 2021-07-06 10:46:00 side Side.Buy and price 102.07
2021-07-11 20:04:29 [logger INFO] Received trading signal for Symbol AMN date 2021-07-02 10:22:00 side Side.Sell and price 97.68
2021-07-11 20:04:29 [logger INFO] Creating Buy Signal: BUY SIGNAL - COVERING SHORT BABA $217.18 at <class 'datetime.date'>
2021-07-11 20:04:29 [logger INFO] Discarding old trading signal for Symbol CCK date 2021-07-06 10:46:00 side Side.Buy and price 102.07
2021-07-11 20:04:29 [logger INFO] Discarding old trading signal for Symbol AMN date 2021-07-02 10:22:00 side Side.Sell and price 97.68
2021-07-11 20:04:29 [logger INFO] Creating Buy Signal: BUY SIGNAL OUST $11.89 at <class 'datetime.date'>
2021-07-11 20:04:29 [logger INFO] Received trading signal for Symbol BABA date 2021-07-02 10:20:00 side Side.Buy and price 217.18
2021-07-11 20:04:29 [logger INFO] Discarding old trading signal for Symbol BABA date 2021-07-02 10:20:00 side Side.Buy and price 217.18
2021-07-11 20:04:29 [logger INFO] Creating Buy Signal: BUY SIGNAL SQSP $57.30 at <class 'datetime.date'>
2021-07-11 20:04:29 [logger INFO] Received trading signal for Symbol OUST date 2021-07-02 10:17:00 side Side.Buy and price 11.89
2021-07-11 20:04:29 [logger INFO] Creating Buy Signal: BUY SIGNAL MCS $20.32 at <class 'datetime.date'>
2021-07-11 20:04:29 [logger INFO] Received trading signal for Symbol SQSP date 2021-06-30 11:20:00 side Side.Buy and price 57.3
2021-07-11 20:04:29 [logger INFO] Discarding old trading signal for Symbol OUST date 2021-07-02 10:17:00 side Side.Buy and price 11.89
2021-07-11 20:04:29 [logger INFO] Discarding old trading signal for Symbol SQSP date 2021-06-30 11:20:00 side Side.Buy and price 57.3
2021-07-11 20:04:29 [logger INFO] Creating Buy Signal: BUY SIGNAL - COVERING SHORT FXI $46.37 at <class 'datetime.date'>
2021-07-11 20:04:29 [logger INFO] Received trading signal for Symbol MCS date 2021-06-30 11:17:00 side Side.Buy and price 20.32
2021-07-11 20:04:30 [logger INFO] Creating Buy Signal: BUY SIGNAL OUST $12.43 at <class 'datetime.date'>
2021-07-11 20:04:30 [logger INFO] Discarding old trading signal for Symbol MCS date 2021-06-30 11:17:00 side Side.Buy and price 20.32
2021-07-11 20:04:30 [logger INFO] Received trading signal for Symbol FXI date 2021-06-30 11:02:00 side Side.Buy and price 46.37
2021-07-11 20:04:30 [logger INFO] Creating Buy Signal: BUY SIGNAL - COVERING SHORT BLL $81.61 at <class 'datetime.date'>
2021-07-11 20:04:30 [logger INFO] Received trading signal for Symbol OUST date 2021-06-29 10:40:00 side Side.Buy and price 12.43
2021-07-11 20:04:30 [logger INFO] Discarding old trading signal for Symbol FXI date 2021-06-30 11:02:00 side Side.Buy and price 46.37
2021-07-11 20:04:30 [logger INFO] Discarding old trading signal for Symbol OUST date 2021-06-29 10:40:00 side Side.Buy and price 12.43
2021-07-11 20:04:30 [logger INFO] Received trading signal for Symbol BLL date 2021-06-29 10:29:00 side Side.Buy and price 81.61
2021-07-11 20:04:30 [logger INFO] Creating Buy Signal: BUY SIGNAL DUFRY $5.86 at <class 'datetime.date'>
2021-07-11 20:04:30 [logger INFO] Discarding old trading signal for Symbol BLL date 2021-06-29 10:29:00 side Side.Buy and price 81.61
2021-07-11 20:04:30 [logger INFO] Creating Buy Signal: BUY SIGNAL - COVERING SHORT EWH $26.73 at <class 'datetime.date'>
2021-07-11 20:04:30 [logger INFO] Received trading signal for Symbol DUFRY date 2021-06-29 10:26:00 side Side.Buy and price 5.86
2021-07-11 20:04:30 [logger INFO] Creating Sell Signal: SELL SIGNAL DLTR $99.67 at 2021-06-29 10:20:00
2021-07-11 20:04:30 [logger INFO] Received trading signal for Symbol EWH date 2021-06-29 10:22:00 side Side.Buy and price 26.73
2021-07-11 20:04:30 [logger INFO] Discarding old trading signal for Symbol DUFRY date 2021-06-29 10:26:00 side Side.Buy and price 5.86
2021-07-11 20:04:30 [logger INFO] Creating Sell Signal: SELL SIGNAL - SHORTING CCK $102.71 at 2021-06-25 03:04:00
2021-07-11 20:04:30 [logger INFO] Received trading signal for Symbol DLTR date 2021-06-29 10:20:00 side Side.Sell and price 99.67
2021-07-11 20:04:30 [logger INFO] Discarding old trading signal for Symbol EWH date 2021-06-29 10:22:00 side Side.Buy and price 26.73
2021-07-11 20:04:30 [logger INFO] Discarding old trading signal for Symbol DLTR date 2021-06-29 10:20:00 side Side.Sell and price 99.67
2021-07-11 20:04:30 [logger INFO] Creating Buy Signal: BUY SIGNAL DLTR $98.32 at <class 'datetime.date'>
2021-07-11 20:04:30 [logger INFO] Received trading signal for Symbol CCK date 2021-06-25 03:04:00 side Side.Sell and price 102.71
2021-07-11 20:04:30 [logger INFO] Discarding old trading signal for Symbol CCK date 2021-06-25 03:04:00 side Side.Sell and price 102.71
2021-07-11 20:04:30 [logger INFO] Creating Sell Signal: SELL SIGNAL ADDYY $184.96 at 2021-06-25 02:47:00
2021-07-11 20:04:30 [logger INFO] Received trading signal for Symbol DLTR date 2021-06-25 02:56:00 side Side.Buy and price 98.32
2021-07-11 20:04:30 [logger INFO] Discarding old trading signal for Symbol DLTR date 2021-06-25 02:56:00 side Side.Buy and price 98.32
2021-07-11 20:04:30 [logger INFO] Creating Sell Signal: SELL SIGNAL - SHORTING BABA $223.55 at 2021-06-25 10:29:00
2021-07-11 20:04:30 [logger INFO] Received trading signal for Symbol ADDYY date 2021-06-25 02:47:00 side Side.Sell and price 184.96
2021-07-11 20:04:30 [logger INFO] Creating Buy Signal: BUY SIGNAL BFLY $13.44 at <class 'datetime.date'>
2021-07-11 20:04:30 [logger INFO] Discarding old trading signal for Symbol ADDYY date 2021-06-25 02:47:00 side Side.Sell and price 184.96
2021-07-11 20:04:30 [logger INFO] Received trading signal for Symbol BABA date 2021-06-25 10:29:00 side Side.Sell and price 223.55
2021-07-11 20:04:30 [logger INFO] Creating Buy Signal: BUY SIGNAL AMN $93.54 at <class 'datetime.date'>
2021-07-11 20:04:30 [logger INFO] Received trading signal for Symbol BFLY date 2021-06-25 10:22:00 side Side.Buy and price 13.44
2021-07-11 20:04:30 [logger INFO] Discarding old trading signal for Symbol BABA date 2021-06-25 10:29:00 side Side.Sell and price 223.55
2021-07-11 20:04:30 [logger INFO] Discarding old trading signal for Symbol BFLY date 2021-06-25 10:22:00 side Side.Buy and price 13.44
2021-07-11 20:04:30 [logger INFO] Creating Buy Signal: BUY SIGNAL MCS $21.27 at <class 'datetime.date'>
2021-07-11 20:04:30 [logger INFO] Received trading signal for Symbol AMN date 2021-06-25 10:15:00 side Side.Buy and price 93.54
2021-07-11 20:04:31 [logger INFO] Discarding old trading signal for Symbol AMN date 2021-06-25 10:15:00 side Side.Buy and price 93.54
2021-07-11 20:04:31 [logger INFO] Received trading signal for Symbol MCS date 2021-06-25 10:09:00 side Side.Buy and price 21.27
2021-07-11 20:04:31 [logger INFO] Discarding old trading signal for Symbol MCS date 2021-06-25 10:09:00 side Side.Buy and price 21.27
2021-07-11 20:04:31 [logger INFO] Creating Sell Signal: SELL SIGNAL - SHORTING EWH $27.01 at 2021-06-25 10:03:00
2021-07-11 20:04:31 [logger INFO] Creating Sell Signal: SELL SIGNAL ATIP $9.24 at 2021-06-25 09:57:00
2021-07-11 20:04:31 [logger INFO] Received trading signal for Symbol EWH date 2021-06-25 10:03:00 side Side.Sell and price 27.01
2021-07-11 20:04:31 [logger INFO] Discarding old trading signal for Symbol EWH date 2021-06-25 10:03:00 side Side.Sell and price 27.01
2021-07-11 20:04:31 [logger INFO] Received trading signal for Symbol ATIP date 2021-06-25 09:57:00 side Side.Sell and price 9.24
2021-07-11 20:04:31 [logger INFO] Discarding old trading signal for Symbol ATIP date 2021-06-25 09:57:00 side Side.Sell and price 9.24
2021-07-11 20:04:31 [logger INFO] Creating Sell Signal: SELL SIGNAL STKL $12.65 at 2021-06-25 09:54:00
2021-07-11 20:04:31 [logger INFO] Received trading signal for Symbol STKL date 2021-06-25 09:54:00 side Side.Sell and price 12.65
2021-07-11 20:04:31 [logger INFO] Discarding old trading signal for Symbol STKL date 2021-06-25 09:54:00 side Side.Sell and price 12.65
2021-07-11 20:04:31 [logger INFO] Creating Buy Signal: BUY SIGNAL BLDE $10.36 at <class 'datetime.date'>
2021-07-11 20:04:31 [logger INFO] Received trading signal for Symbol BLDE date 2021-06-24 10:17:00 side Side.Buy and price 10.36
2021-07-11 20:04:31 [logger INFO] Discarding old trading signal for Symbol BLDE date 2021-06-24 10:17:00 side Side.Buy and price 10.36
2021-07-11 20:04:31 [logger INFO] Creating Sell Signal: SELL SIGNAL FFNTF $1.32 at 2021-06-24 10:12:00
2021-07-11 20:04:31 [logger INFO] Creating Sell Signal: SELL SIGNAL - SHORTING FXI $46.05 at 2021-06-24 09:57:00
2021-07-11 20:04:31 [logger INFO] Received trading signal for Symbol FFNTF date 2021-06-24 10:12:00 side Side.Sell and price 1.32
2021-07-11 20:04:31 [logger INFO] Discarding old trading signal for Symbol FFNTF date 2021-06-24 10:12:00 side Side.Sell and price 1.32
2021-07-11 20:04:31 [logger INFO] Creating Buy Signal: BUY SIGNAL DUFRY $6.64 at <class 'datetime.date'>
2021-07-11 20:04:31 [logger INFO] Received trading signal for Symbol FXI date 2021-06-24 09:57:00 side Side.Sell and price 46.05
2021-07-11 20:04:31 [logger INFO] Discarding old trading signal for Symbol FXI date 2021-06-24 09:57:00 side Side.Sell and price 46.05
2021-07-11 20:04:31 [logger INFO] Received trading signal for Symbol DUFRY date 2021-06-23 10:28:00 side Side.Buy and price 6.64
2021-07-11 20:04:31 [logger INFO] Creating Sell Signal: SELL SIGNAL - SHORTING BLL $81.75 at 2021-06-23 10:13:00
2021-07-11 20:04:31 [logger INFO] Discarding old trading signal for Symbol DUFRY date 2021-06-23 10:28:00 side Side.Buy and price 6.64
2021-07-11 20:04:31 [logger INFO] Received trading signal for Symbol BLL date 2021-06-23 10:13:00 side Side.Sell and price 81.75
2021-07-11 20:04:31 [logger INFO] Creating Sell Signal: SELL SIGNAL PENN $77.67 at 2021-06-23 10:07:00
2021-07-11 20:04:31 [logger INFO] Discarding old trading signal for Symbol BLL date 2021-06-23 10:13:00 side Side.Sell and price 81.75
2021-07-11 20:04:31 [logger INFO] Creating Sell Signal: SELL SIGNAL EXPE $169.04 at 2021-06-23 10:04:00
2021-07-11 20:04:31 [logger INFO] Received trading signal for Symbol PENN date 2021-06-23 10:07:00 side Side.Sell and price 77.67
2021-07-11 20:04:31 [logger INFO] Discarding old trading signal for Symbol PENN date 2021-06-23 10:07:00 side Side.Sell and price 77.67
2021-07-11 20:04:31 [logger INFO] Creating Sell Signal: SELL SIGNAL BYD $61.05 at 2021-06-23 10:02:00
2021-07-11 20:04:31 [logger INFO] Received trading signal for Symbol EXPE date 2021-06-23 10:04:00 side Side.Sell and price 169.04
2021-07-11 20:04:31 [logger INFO] Creating Sell Signal: SELL SIGNAL PLCE $91.39 at 2021-06-23 10:00:00
2021-07-11 20:04:31 [logger INFO] Received trading signal for Symbol BYD date 2021-06-23 10:02:00 side Side.Sell and price 61.05
2021-07-11 20:04:31 [logger INFO] Discarding old trading signal for Symbol EXPE date 2021-06-23 10:04:00 side Side.Sell and price 169.04
2021-07-11 20:04:31 [logger INFO] Discarding old trading signal for Symbol BYD date 2021-06-23 10:02:00 side Side.Sell and price 61.05
2021-07-11 20:04:31 [logger INFO] Creating Buy Signal: BUY SIGNAL - COVERING SHORT ROL $33.64 at <class 'datetime.date'>
2021-07-11 20:04:31 [logger INFO] Received trading signal for Symbol PLCE date 2021-06-23 10:00:00 side Side.Sell and price 91.39
2021-07-11 20:04:32 [logger INFO] Discarding old trading signal for Symbol PLCE date 2021-06-23 10:00:00 side Side.Sell and price 91.39
2021-07-11 20:04:32 [logger INFO] Received trading signal for Symbol ROL date 2021-06-23 09:59:00 side Side.Buy and price 33.64
2021-07-11 20:04:32 [logger INFO] Creating Sell Signal: SELL SIGNAL XLF $36.03 at 2021-06-23 09:54:00
2021-07-11 20:04:32 [logger INFO] Discarding old trading signal for Symbol ROL date 2021-06-23 09:59:00 side Side.Buy and price 33.64
2021-07-11 20:04:32 [logger INFO] Received trading signal for Symbol XLF date 2021-06-23 09:54:00 side Side.Sell and price 36.03
2021-07-11 20:04:32 [logger INFO] Creating Buy Signal: BUY SIGNAL - COVERING SHORT ITB $68.12 at <class 'datetime.date'>
2021-07-11 20:04:32 [logger INFO] Discarding old trading signal for Symbol XLF date 2021-06-23 09:54:00 side Side.Sell and price 36.03
2021-07-11 20:04:32 [logger INFO] Creating Sell Signal: SELL SIGNAL - SHORTING CMG $1448.40 at 2021-06-22 03:52:00
2021-07-11 20:04:32 [logger INFO] Received trading signal for Symbol ITB date 2021-06-23 09:46:00 side Side.Buy and price 68.12
2021-07-11 20:04:32 [logger INFO] Creating Sell Signal: SELL SIGNAL - SHORTING NFLX $511.30 at 2021-06-22 03:48:00
2021-07-11 20:04:32 [logger INFO] Received trading signal for Symbol CMG date 2021-06-22 03:52:00 side Side.Sell and price 1448.4
2021-07-11 20:04:32 [logger INFO] Discarding old trading signal for Symbol ITB date 2021-06-23 09:46:00 side Side.Buy and price 68.12
2021-07-11 20:04:32 [logger INFO] Discarding old trading signal for Symbol CMG date 2021-06-22 03:52:00 side Side.Sell and price 1448.4
2021-07-11 20:04:32 [logger INFO] Creating Sell Signal: SELL SIGNAL - SHORTING ITB $68.53 at 2021-06-22 03:44:00
2021-07-11 20:04:32 [logger INFO] Received trading signal for Symbol NFLX date 2021-06-22 03:48:00 side Side.Sell and price 511.3
2021-07-11 20:04:32 [logger INFO] Creating Sell Signal: SELL SIGNAL REMX $80.33 at 2021-06-22 03:15:00
2021-07-11 20:04:32 [logger INFO] Discarding old trading signal for Symbol NFLX date 2021-06-22 03:48:00 side Side.Sell and price 511.3
2021-07-11 20:04:32 [logger INFO] Received trading signal for Symbol ITB date 2021-06-22 03:44:00 side Side.Sell and price 68.53
2021-07-11 20:04:32 [logger INFO] Discarding old trading signal for Symbol ITB date 2021-06-22 03:44:00 side Side.Sell and price 68.53
2021-07-11 20:04:32 [logger INFO] Creating Sell Signal: SELL SIGNAL PLBY $38.22 at 2021-06-22 03:10:00
2021-07-11 20:04:32 [logger INFO] Received trading signal for Symbol REMX date 2021-06-22 03:15:00 side Side.Sell and price 80.33
2021-07-11 20:04:32 [logger INFO] Discarding old trading signal for Symbol REMX date 2021-06-22 03:15:00 side Side.Sell and price 80.33
2021-07-11 20:04:32 [logger INFO] Received trading signal for Symbol PLBY date 2021-06-22 03:10:00 side Side.Sell and price 38.22
2021-07-11 20:04:32 [logger INFO] Discarding old trading signal for Symbol PLBY date 2021-06-22 03:10:00 side Side.Sell and price 38.22
2021-07-11 20:04:32 [logger INFO] Creating Sell Signal: SELL SIGNAL TRSSF $9.88 at 2021-06-22 10:10:00
2021-07-11 20:04:32 [logger INFO] Creating Sell Signal: SELL SIGNAL STZ $226.01 at 2021-06-22 10:06:00
2021-07-11 20:04:32 [logger INFO] Received trading signal for Symbol TRSSF date 2021-06-22 10:10:00 side Side.Sell and price 9.88
2021-07-11 20:04:32 [logger INFO] Discarding old trading signal for Symbol TRSSF date 2021-06-22 10:10:00 side Side.Sell and price 9.88
2021-07-11 20:04:32 [logger INFO] Received trading signal for Symbol STZ date 2021-06-22 10:06:00 side Side.Sell and price 226.01
2021-07-11 20:04:32 [logger INFO] Creating Sell Signal: SELL SIGNAL SLV $23.91 at 2021-06-22 10:02:00
2021-07-11 20:04:32 [logger INFO] Discarding old trading signal for Symbol STZ date 2021-06-22 10:06:00 side Side.Sell and price 226.01
2021-07-11 20:04:32 [logger INFO] Creating Sell Signal: SELL SIGNAL XLI $101.05 at 2021-06-22 09:55:00
2021-07-11 20:04:32 [logger INFO] Received trading signal for Symbol SLV date 2021-06-22 10:02:00 side Side.Sell and price 23.91
2021-07-11 20:04:32 [logger INFO] Received trading signal for Symbol XLI date 2021-06-22 09:55:00 side Side.Sell and price 101.05
2021-07-11 20:04:32 [logger INFO] Creating Buy Signal: BUY SIGNAL - COVERING SHORT TLT $142.68 at <class 'datetime.date'>
2021-07-11 20:04:32 [logger INFO] Discarding old trading signal for Symbol SLV date 2021-06-22 10:02:00 side Side.Sell and price 23.91
2021-07-11 20:04:32 [logger INFO] Discarding old trading signal for Symbol XLI date 2021-06-22 09:55:00 side Side.Sell and price 101.05
2021-07-11 20:04:33 [logger INFO] Creating Sell Signal: SELL SIGNAL - SHORTING ROL $33.79 at 2021-06-21 03:36:00
2021-07-11 20:04:33 [logger INFO] Received trading signal for Symbol TLT date 2021-06-22 09:49:00 side Side.Buy and price 142.68
2021-07-11 20:04:33 [logger INFO] Creating Buy Signal: BUY SIGNAL ATIP $8.87 at <class 'datetime.date'>
2021-07-11 20:04:33 [logger INFO] Received trading signal for Symbol ROL date 2021-06-21 03:36:00 side Side.Sell and price 33.79
2021-07-11 20:04:33 [logger INFO] Discarding old trading signal for Symbol TLT date 2021-06-22 09:49:00 side Side.Buy and price 142.68
2021-07-11 20:04:33 [logger INFO] Discarding old trading signal for Symbol ROL date 2021-06-21 03:36:00 side Side.Sell and price 33.79
2021-07-11 20:04:33 [logger INFO] Received trading signal for Symbol ATIP date 2021-06-21 03:26:00 side Side.Buy and price 8.87
2021-07-11 20:04:33 [logger INFO] Creating Buy Signal: BUY SIGNAL PENN $75.12 at <class 'datetime.date'>
2021-07-11 20:04:33 [logger INFO] Discarding old trading signal for Symbol ATIP date 2021-06-21 03:26:00 side Side.Buy and price 8.87
2021-07-11 20:04:33 [logger INFO] Creating Buy Signal: BUY SIGNAL STKL $12.29 at <class 'datetime.date'>
2021-07-11 20:04:33 [logger INFO] Received trading signal for Symbol PENN date 2021-06-21 10:07:00 side Side.Buy and price 75.12
2021-07-11 20:04:33 [logger INFO] Discarding old trading signal for Symbol PENN date 2021-06-21 10:07:00 side Side.Buy and price 75.12
2021-07-11 20:04:33 [logger INFO] Creating Sell Signal: SELL SIGNAL V $233.57 at 2021-06-21 10:03:00
2021-07-11 20:04:33 [logger INFO] Received trading signal for Symbol STKL date 2021-06-21 10:06:00 side Side.Buy and price 12.29
2021-07-11 20:04:33 [logger INFO] Received trading signal for Symbol V date 2021-06-21 10:03:00 side Side.Sell and price 233.57
2021-07-11 20:04:33 [logger INFO] Creating Buy Signal: BUY SIGNAL PLCE $89.03 at <class 'datetime.date'>
2021-07-11 20:04:33 [logger INFO] Discarding old trading signal for Symbol STKL date 2021-06-21 10:06:00 side Side.Buy and price 12.29
2021-07-11 20:04:33 [logger INFO] Discarding old trading signal for Symbol V date 2021-06-21 10:03:00 side Side.Sell and price 233.57
2021-07-11 20:04:33 [logger INFO] Creating Sell Signal: SELL SIGNAL PENN $73.79 at 2021-07-09 01:17:00
2021-07-11 20:04:33 [logger INFO] Received trading signal for Symbol PLCE date 2021-06-18 10:12:00 side Side.Buy and price 89.03
2021-07-11 20:04:33 [logger INFO] Received trading signal for Symbol PENN date 2021-07-09 01:17:00 side Side.Sell and price 73.79
2021-07-11 20:04:33 [logger INFO] All signals processed
2021-07-11 20:04:33 [logger INFO] Discarding old trading signal for Symbol PLCE date 2021-06-18 10:12:00 side Side.Buy and price 89.03
2021-07-11 20:04:33 [logger INFO] Discarding old trading signal for Symbol PENN date 2021-07-09 01:17:00 side Side.Sell and price 73.79
2021-07-11 20:04:34 [logger INFO] Processing SERVICE_STATUS event
2021-07-11 20:04:34 [logger ERROR] Error: Service //blp/emapisvc failed to open
2021-07-11 20:05:00 [logger INFO] DayTrader  Initializing
2021-07-11 20:05:01 [logger INFO] FileHandlerModule  Initializing
2021-07-11 20:05:01 [logger INFO] FileHandlerModule Successfully initialized
2021-07-11 20:05:01 [logger INFO] Initializing Bloomberg Order Router
2021-07-11 20:05:01 [logger INFO] Connecting to localhost:8194
2021-07-11 20:05:01 [logger INFO] Bloomberg Order Router Initialized
2021-07-11 20:05:01 [logger INFO] SingletonModuleHandler Successfully initializer
2021-07-11 20:05:01 [logger INFO] Processing Bloomberg SESSION_STATUS event
2021-07-11 20:05:01 [logger INFO] Bloomberg Session Connection is UP...
2021-07-11 20:05:01 [logger INFO] Processing Bloomberg SESSION_STATUS event
2021-07-11 20:05:01 [logger INFO] Bloomberg Session started...
2021-07-11 20:05:01 [logger INFO] Initializing Generic Market Order Router
2021-07-11 20:05:01 [logger INFO] SingletonModuleHandler Successfully initializer
2021-07-11 20:05:01 [logger INFO] Generic Market Order Router Initialized
2021-07-11 20:05:01 [logger INFO] SignalTracker  Initializing
2021-07-11 20:05:01 [logger INFO] Starting Trading Signal Scrapping
2021-07-11 20:05:01 [logger INFO] Opening Chrome window
2021-07-11 20:05:01 [logger INFO] Re transmitting previously sent trading signals
2021-07-11 20:05:01 [logger INFO] SignalTracker Successfully initialized
2021-07-11 20:05:02 [logger INFO] DayTrader Successfully initialized
2021-07-11 20:05:08 [logger ERROR] Could not recover the captcha token in the attempt #1:Error recovering capcha token:CAPCHA_NOT_READY
2021-07-11 20:05:41 [logger ERROR] Failed to log in for user johntradinglist20+secondary@gmail.com:Message: unknown error: net::ERR_PROXY_CONNECTION_FAILED
  (Session info: chrome=91.0.4472.124)
 
2021-07-11 20:05:46 [logger ERROR] Could not recover the captcha token in the attempt #1:Error recovering capcha token:CAPCHA_NOT_READY
2021-07-11 20:06:01 [logger INFO] Processing SERVICE_STATUS event
2021-07-11 20:06:01 [logger ERROR] Error: Service //blp/emapisvc failed to open
2021-07-11 20:06:18 [logger ERROR] Failed to log in for user johntradinglist20@gmail.com:Message: unknown error: net::ERR_PROXY_CONNECTION_FAILED
  (Session info: chrome=91.0.4472.124)
 
2021-07-11 20:06:23 [logger ERROR] Could not recover the captcha token in the attempt #1:Error recovering capcha token:CAPCHA_NOT_READY
2021-07-11 20:06:56 [logger ERROR] Failed to log in for user bobmarketinglist20@gmail.com:Message: unknown error: net::ERR_PROXY_CONNECTION_FAILED
  (Session info: chrome=91.0.4472.124)
 
2021-07-11 20:07:00 [logger ERROR] Could not recover the captcha token in the attempt #1:Error recovering capcha token:CAPCHA_NOT_READY
2021-07-11 20:07:33 [logger ERROR] Failed to log in for user bradoperationslist20@gmail.com:Message: unknown error: net::ERR_PROXY_CONNECTION_FAILED
  (Session info: chrome=91.0.4472.124)
 
2021-07-11 20:07:57 [logger ERROR] Could not recover the captcha token in the attempt #1:HTTPSConnectionPool(host='2captcha.com', port=443): Max retries exceeded with url: /res.php?key=e26d5d2c83e8330b92432832088fc872&action=get&id=67478933164 (Caused by NewConnectionError('<urllib3.connection.HTTPSConnection object at 0x000001A2FBFEFA20>: Failed to establish a new connection: [WinError 10060] A connection attempt failed because the connected party did not properly respond after a period of time, or established connection failed because connected host has failed to respond'))
2021-07-11 20:08:30 [logger ERROR] Failed to log in for user jmcapitalist@gmail.com:Message: unknown error: net::ERR_PROXY_CONNECTION_FAILED
  (Session info: chrome=91.0.4472.124)
 
2021-07-11 20:08:35 [logger ERROR] Could not recover the captcha token in the attempt #1:Error recovering capcha token:CAPCHA_NOT_READY
2021-07-11 20:09:01 [logger INFO] Re transmitting previously sent trading signals
2021-07-11 20:09:07 [logger ERROR] Failed to log in for user makismanagementlist20@gmail.com:Message: unknown error: net::ERR_PROXY_CONNECTION_FAILED
  (Session info: chrome=91.0.4472.124)
 
2021-07-11 20:09:12 [logger ERROR] Could not recover the captcha token in the attempt #1:Error recovering capcha token:CAPCHA_NOT_READY
2021-07-11 20:09:15 [logger INFO] DayTrader  Initializing
2021-07-11 20:09:15 [logger INFO] FileHandlerModule  Initializing
2021-07-11 20:09:15 [logger INFO] FileHandlerModule Successfully initialized
2021-07-11 20:09:15 [logger INFO] Initializing Bloomberg Order Router
2021-07-11 20:09:15 [logger INFO] Connecting to localhost:8194
2021-07-11 20:09:15 [logger INFO] Bloomberg Order Router Initialized
2021-07-11 20:09:15 [logger INFO] SingletonModuleHandler Successfully initializer
2021-07-11 20:09:15 [logger INFO] Processing Bloomberg SESSION_STATUS event
2021-07-11 20:09:15 [logger INFO] Bloomberg Session Connection is UP...
2021-07-11 20:09:15 [logger INFO] Processing Bloomberg SESSION_STATUS event
2021-07-11 20:09:15 [logger INFO] Bloomberg Session started...
2021-07-11 20:09:15 [logger INFO] Initializing Generic Market Order Router
2021-07-11 20:09:15 [logger INFO] SingletonModuleHandler Successfully initializer
2021-07-11 20:09:15 [logger INFO] Generic Market Order Router Initialized
2021-07-11 20:09:15 [logger INFO] SignalTracker  Initializing
2021-07-11 20:09:15 [logger INFO] Starting Trading Signal Scrapping
2021-07-11 20:09:15 [logger INFO] Opening Chrome window
2021-07-11 20:09:15 [logger INFO] Re transmitting previously sent trading signals
2021-07-11 20:09:15 [logger INFO] SignalTracker Successfully initialized
2021-07-11 20:09:17 [logger INFO] DayTrader Successfully initialized
2021-07-11 20:09:22 [logger ERROR] Could not recover the captcha token in the attempt #1:Error recovering capcha token:CAPCHA_NOT_READY
2021-07-11 20:10:15 [logger ERROR] Could not recover the captcha token in the attempt #2:HTTPSConnectionPool(host='2captcha.com', port=443): Max retries exceeded with url: /res.php?key=e26d5d2c83e8330b92432832088fc872&action=get&id=67478941227 (Caused by NewConnectionError('<urllib3.connection.HTTPSConnection object at 0x000002ADC28B56D8>: Failed to establish a new connection: [WinError 10060] A connection attempt failed because the connected party did not properly respond after a period of time, or established connection failed because connected host has failed to respond'))
2021-07-11 20:10:15 [logger INFO] Processing SERVICE_STATUS event
2021-07-11 20:10:15 [logger ERROR] Error: Service //blp/emapisvc failed to open
2021-07-11 20:10:48 [logger ERROR] Failed to log in for user jmacnymgmt@gmail.com:Message: javascript error: Cannot read property 'style' of undefined
  (Session info: chrome=91.0.4472.124)
 
2021-07-11 20:10:53 [logger ERROR] Could not recover the captcha token in the attempt #1:Error recovering capcha token:CAPCHA_NOT_READY
2021-07-11 20:11:25 [logger ERROR] Could not recover the captcha token in the attempt #2:Error recovering capcha token:CAPCHA_NOT_READY
2021-07-11 20:11:55 [logger INFO] DayTrader  Initializing
2021-07-11 20:11:55 [logger INFO] FileHandlerModule  Initializing
2021-07-11 20:11:55 [logger INFO] FileHandlerModule Successfully initialized
2021-07-11 20:11:55 [logger INFO] Initializing Bloomberg Order Router
2021-07-11 20:11:55 [logger INFO] Connecting to localhost:8194
2021-07-11 20:11:55 [logger INFO] Bloomberg Order Router Initialized
2021-07-11 20:11:55 [logger INFO] SingletonModuleHandler Successfully initializer
2021-07-11 20:11:55 [logger INFO] Processing Bloomberg SESSION_STATUS event
2021-07-11 20:11:55 [logger INFO] Bloomberg Session Connection is UP...
2021-07-11 20:11:55 [logger INFO] Processing Bloomberg SESSION_STATUS event
2021-07-11 20:11:55 [logger INFO] Bloomberg Session started...
2021-07-11 20:11:55 [logger INFO] Initializing Generic Market Order Router
2021-07-11 20:11:55 [logger INFO] SingletonModuleHandler Successfully initializer
2021-07-11 20:11:55 [logger INFO] Generic Market Order Router Initialized
2021-07-11 20:11:55 [logger INFO] SignalTracker  Initializing
2021-07-11 20:11:55 [logger INFO] Starting Trading Signal Scrapping
2021-07-11 20:11:55 [logger INFO] Opening Chrome window
2021-07-11 20:11:55 [logger INFO] Re transmitting previously sent trading signals
2021-07-11 20:11:55 [logger INFO] SignalTracker Successfully initialized
2021-07-11 20:11:56 [logger INFO] DayTrader Successfully initialized
2021-07-11 20:12:01 [logger ERROR] Could not recover the captcha token in the attempt #1:Error recovering capcha token:CAPCHA_NOT_READY
2021-07-11 20:12:34 [logger ERROR] Could not recover the captcha token in the attempt #2:Error recovering capcha token:CAPCHA_NOT_READY
2021-07-11 20:12:55 [logger INFO] Processing SERVICE_STATUS event
2021-07-11 20:12:55 [logger ERROR] Error: Service //blp/emapisvc failed to open
2021-07-11 20:13:06 [logger ERROR] Could not recover the captcha token in the attempt #3:Error recovering capcha token:CAPCHA_NOT_READY
2021-07-11 20:15:11 [logger INFO] DayTrader  Initializing
2021-07-11 20:15:11 [logger INFO] FileHandlerModule  Initializing
2021-07-11 20:15:11 [logger INFO] FileHandlerModule Successfully initialized
2021-07-11 20:15:11 [logger INFO] Initializing Bloomberg Order Router
2021-07-11 20:15:11 [logger INFO] Connecting to localhost:8194
2021-07-11 20:15:11 [logger INFO] Bloomberg Order Router Initialized
2021-07-11 20:15:11 [logger INFO] SingletonModuleHandler Successfully initializer
2021-07-11 20:15:11 [logger INFO] Processing Bloomberg SESSION_STATUS event
2021-07-11 20:15:11 [logger INFO] Bloomberg Session Connection is UP...
2021-07-11 20:15:11 [logger INFO] Processing Bloomberg SESSION_STATUS event
2021-07-11 20:15:11 [logger INFO] Bloomberg Session started...
2021-07-11 20:15:11 [logger INFO] Initializing Generic Market Order Router
2021-07-11 20:15:11 [logger INFO] SingletonModuleHandler Successfully initializer
2021-07-11 20:15:11 [logger INFO] Generic Market Order Router Initialized
2021-07-11 20:15:11 [logger INFO] SignalTracker  Initializing
2021-07-11 20:15:11 [logger INFO] Starting Trading Signal Scrapping
2021-07-11 20:15:11 [logger INFO] Opening Chrome window
2021-07-11 20:15:11 [logger INFO] Re transmitting previously sent trading signals
2021-07-11 20:15:11 [logger INFO] SignalTracker Successfully initialized
2021-07-11 20:15:12 [logger INFO] DayTrader Successfully initialized
2021-07-11 20:15:18 [logger ERROR] Could not recover the captcha token in the attempt #1:Error recovering capcha token:CAPCHA_NOT_READY
2021-07-11 20:15:30 [logger ERROR] Could not recover the captcha token in the attempt #2:Error recovering capcha token:CAPCHA_NOT_READY
2021-07-11 20:16:11 [logger INFO] Processing SERVICE_STATUS event
2021-07-11 20:16:11 [logger ERROR] Error: Service //blp/emapisvc failed to open
2021-07-11 20:16:28 [logger INFO] DayTrader  Initializing
2021-07-11 20:16:28 [logger INFO] FileHandlerModule  Initializing
2021-07-11 20:16:28 [logger INFO] FileHandlerModule Successfully initialized
2021-07-11 20:16:28 [logger INFO] Initializing Bloomberg Order Router
2021-07-11 20:16:28 [logger INFO] Connecting to localhost:8194
2021-07-11 20:16:28 [logger INFO] Bloomberg Order Router Initialized
2021-07-11 20:16:28 [logger INFO] SingletonModuleHandler Successfully initializer
2021-07-11 20:16:28 [logger INFO] Processing Bloomberg SESSION_STATUS event
2021-07-11 20:16:28 [logger INFO] Bloomberg Session Connection is UP...
2021-07-11 20:16:28 [logger INFO] Processing Bloomberg SESSION_STATUS event
2021-07-11 20:16:28 [logger INFO] Bloomberg Session started...
2021-07-11 20:16:28 [logger INFO] Initializing Generic Market Order Router
2021-07-11 20:16:28 [logger INFO] SingletonModuleHandler Successfully initializer
2021-07-11 20:16:28 [logger INFO] Generic Market Order Router Initialized
2021-07-11 20:16:28 [logger INFO] SignalTracker  Initializing
2021-07-11 20:16:28 [logger INFO] Starting Trading Signal Scrapping
2021-07-11 20:16:28 [logger INFO] Opening Chrome window
2021-07-11 20:16:28 [logger INFO] Re transmitting previously sent trading signals
2021-07-11 20:16:28 [logger INFO] SignalTracker Successfully initialized
2021-07-11 20:16:29 [logger INFO] DayTrader Successfully initialized
2021-07-11 20:16:47 [logger ERROR] Could not recover the captcha token in the attempt #1:Error recovering capcha token:CAPCHA_NOT_READY
2021-07-11 20:18:03 [logger INFO] DayTrader  Initializing
2021-07-11 20:18:04 [logger INFO] FileHandlerModule  Initializing
2021-07-11 20:18:04 [logger INFO] FileHandlerModule Successfully initialized
2021-07-11 20:18:04 [logger INFO] Initializing Bloomberg Order Router
2021-07-11 20:18:04 [logger INFO] Connecting to localhost:8194
2021-07-11 20:18:04 [logger INFO] Bloomberg Order Router Initialized
2021-07-11 20:18:04 [logger INFO] SingletonModuleHandler Successfully initializer
2021-07-11 20:18:04 [logger INFO] Processing Bloomberg SESSION_STATUS event
2021-07-11 20:18:04 [logger INFO] Bloomberg Session Connection is UP...
2021-07-11 20:18:04 [logger INFO] Processing Bloomberg SESSION_STATUS event
2021-07-11 20:18:04 [logger INFO] Bloomberg Session started...
2021-07-11 20:18:04 [logger INFO] Initializing Generic Market Order Router
2021-07-11 20:18:04 [logger INFO] SingletonModuleHandler Successfully initializer
2021-07-11 20:18:04 [logger INFO] Generic Market Order Router Initialized
2021-07-11 20:18:04 [logger INFO] SignalTracker  Initializing
2021-07-11 20:18:04 [logger INFO] Starting Trading Signal Scrapping
2021-07-11 20:18:04 [logger INFO] Re transmitting previously sent trading signals
2021-07-11 20:18:04 [logger INFO] SignalTracker Successfully initialized
2021-07-11 20:18:04 [logger INFO] Opening Chrome window
2021-07-11 20:18:05 [logger INFO] DayTrader Successfully initialized
2021-07-11 20:18:10 [logger ERROR] Could not recover the captcha token in the attempt #1:Error recovering capcha token:CAPCHA_NOT_READY
2021-07-11 20:18:23 [logger ERROR] Could not recover the captcha token in the attempt #2:Error recovering capcha token:CAPCHA_NOT_READY
2021-07-11 20:18:35 [logger ERROR] Could not recover the captcha token in the attempt #3:tuple index out of range
2021-07-11 20:18:48 [logger ERROR] Could not recover the captcha token in the attempt #4:tuple index out of range
2021-07-11 20:19:00 [logger ERROR] Could not recover the captcha token in the attempt #5:tuple index out of range
2021-07-11 20:19:04 [logger INFO] Processing SERVICE_STATUS event
2021-07-11 20:19:04 [logger ERROR] Error: Service //blp/emapisvc failed to open
2021-07-11 20:19:13 [logger ERROR] Could not recover the captcha token in the attempt #6:tuple index out of range
2021-07-11 20:19:26 [logger ERROR] Could not recover the captcha token in the attempt #7:tuple index out of range
2021-07-11 20:19:38 [logger ERROR] Could not recover the captcha token in the attempt #8:tuple index out of range
2021-07-11 20:19:51 [logger ERROR] Could not recover the captcha token in the attempt #9:tuple index out of range
2021-07-11 20:19:56 [logger INFO] DayTrader  Initializing
2021-07-11 20:19:56 [logger INFO] FileHandlerModule  Initializing
2021-07-11 20:19:56 [logger INFO] FileHandlerModule Successfully initialized
2021-07-11 20:19:56 [logger INFO] Initializing Bloomberg Order Router
2021-07-11 20:19:56 [logger INFO] Connecting to localhost:8194
2021-07-11 20:19:56 [logger INFO] Bloomberg Order Router Initialized
2021-07-11 20:19:56 [logger INFO] SingletonModuleHandler Successfully initializer
2021-07-11 20:19:56 [logger INFO] Processing Bloomberg SESSION_STATUS event
2021-07-11 20:19:56 [logger INFO] Bloomberg Session Connection is UP...
2021-07-11 20:19:56 [logger INFO] Processing Bloomberg SESSION_STATUS event
2021-07-11 20:19:56 [logger INFO] Bloomberg Session started...
2021-07-11 20:19:56 [logger INFO] Initializing Generic Market Order Router
2021-07-11 20:19:56 [logger INFO] SingletonModuleHandler Successfully initializer
2021-07-11 20:19:56 [logger INFO] Generic Market Order Router Initialized
2021-07-11 20:19:56 [logger INFO] SignalTracker  Initializing
2021-07-11 20:19:56 [logger INFO] Starting Trading Signal Scrapping
2021-07-11 20:19:56 [logger INFO] Opening Chrome window
2021-07-11 20:19:56 [logger INFO] Re transmitting previously sent trading signals
2021-07-11 20:19:56 [logger INFO] SignalTracker Successfully initialized
2021-07-11 20:19:57 [logger INFO] DayTrader Successfully initialized
2021-07-11 20:20:04 [logger ERROR] Could not recover the captcha token in the attempt #1:Error recovering capcha token:CAPCHA_NOT_READY
2021-07-11 20:20:16 [logger ERROR] Could not recover the captcha token in the attempt #2:Error recovering capcha token:CAPCHA_NOT_READY
2021-07-11 20:20:29 [logger ERROR] Could not recover the captcha token in the attempt #3:Error recovering capcha token:CAPCHA_NOT_READY
2021-07-11 20:20:42 [logger INFO] Token Found: 03AGdBq27SZbXefCKz3g2rxERFtLi_Gz4us-lsuLabB_OK_Ypb9gKXcissWPYgh-tUyadGf1qBMpz-P0V1TfMSwcKMPyzChPGcnjlUcsTfWwETKCSgBislgHU10tVAksyl_Ti2BCDjqX9MF60I0Dx8oWWPwQ4ooLGIVpcbHKuqadyXSxY3ZQM7ksFUPwDZugVteeQLGQq7s7Gc031jnIXQhAJZ9GrEEp3UXlFmps7bdkZE2DW4U6QhXzmN-_U8v5_0-kzWLeC03-30JvYNMa9h_0oW99EbGyaS70MZWltHkHT4GyXV23gHhxJHcC-PaS1wOEs3nkcdBRNVUdzMIsijFQ7vB7jFIMJ8LzMpj7laetcgFZNkOFuAKbv2lFWDC9Ia_vxiTMmV90nbSEbrsKJ1qRlzN2jpGLxQY-XivIy6bKnPtF1Oa3OUkA8qqiiFYIwADY_D9HVt3ip6tbDRDCNaUljFpLgpzpCgQJufl-CRS0uq5-j9Fnmn86Qp_HxONG58lHWC8gCttzqdSGRRECP54pYqjEuZCTpMJQ. Connecting to Site
2021-07-11 20:22:29 [logger INFO] DayTrader  Initializing
2021-07-11 20:22:29 [logger INFO] FileHandlerModule  Initializing
2021-07-11 20:22:29 [logger INFO] FileHandlerModule Successfully initialized
2021-07-11 20:22:29 [logger INFO] Initializing Bloomberg Order Router
2021-07-11 20:22:29 [logger INFO] Connecting to localhost:8194
2021-07-11 20:22:29 [logger INFO] Bloomberg Order Router Initialized
2021-07-11 20:22:29 [logger INFO] SingletonModuleHandler Successfully initializer
2021-07-11 20:22:29 [logger INFO] Initializing Generic Market Order Router
2021-07-11 20:22:29 [logger INFO] SingletonModuleHandler Successfully initializer
2021-07-11 20:22:29 [logger INFO] Generic Market Order Router Initialized
2021-07-11 20:22:29 [logger INFO] Processing Bloomberg SESSION_STATUS event
2021-07-11 20:22:29 [logger INFO] Bloomberg Session Connection is UP...
2021-07-11 20:22:29 [logger INFO] Processing Bloomberg SESSION_STATUS event
2021-07-11 20:22:29 [logger INFO] Bloomberg Session started...
2021-07-11 20:22:29 [logger INFO] SignalTracker  Initializing
2021-07-11 20:22:29 [logger INFO] Starting Trading Signal Scrapping
2021-07-11 20:22:29 [logger INFO] Opening Chrome window
2021-07-11 20:22:29 [logger INFO] Re transmitting previously sent trading signals
2021-07-11 20:22:29 [logger INFO] SignalTracker Successfully initialized
2021-07-11 20:22:30 [logger INFO] DayTrader Successfully initialized
2021-07-11 20:22:36 [logger ERROR] Could not recover the captcha token in the attempt #1:Error recovering capcha token:CAPCHA_NOT_READY
2021-07-11 20:22:49 [logger ERROR] Could not recover the captcha token in the attempt #2:Error recovering capcha token:CAPCHA_NOT_READY
2021-07-11 20:23:01 [logger ERROR] Could not recover the captcha token in the attempt #3:Error recovering capcha token:CAPCHA_NOT_READY
2021-07-11 20:23:14 [logger INFO] Token Found: 03AGdBq27TWzlvr-SK63VoeMga4Cm4-gQc5q1UhAoqs6R0W7Y1S4-mozYTg-wvkwh_WL6Yfd0T_efqaab85i_GwPvrEQOS53Lucz9Ajyg4xBpjVZGDuEjnysEUzJ_OcjlIA4MYuA7mt1h1F1NKWS79SzAjDxinD9QISm5_8X4I_zSzMfpSTwkp5XJNFs25a0mIlrQfpWc_2Nv2vlGuKYNle9_fmjC-RhNGnl5lnMThD77-o80l7tXHWrC5PeQNKgQ5Jy-I-HEd1iiRkeqCmofPX0Oi9JHOl_d1nFPbG0MdV5ZY72psdU68eAfzSYN5H6_FKz_mX8nyqj7oiWi-qkrWDMEpi8xrogNeiuNGApCHlm-DpY2_YGHGcGRDzaaEGPefNgGXAuUlkQlw1YEbHzZ8s8SD6cHGmdI5-B7l3RxwpzDJIteBKT-GeaN8ItlJQK4_7BjIEjtkjJ060HFFEwq3L9Hzrw0iKgSVX3BWOQ0vKr3ZRj4_yrDao_8JbW5QGrSyBXxMLrSKf_sEa0gJWwspFfO2nbjei4Uv4w. Connecting to Site
2021-07-11 20:23:15 [logger ERROR] Failed to log in for user mainlinelist20@gmail.com:Message: unknown error: net::ERR_TUNNEL_CONNECTION_FAILED
  (Session info: chrome=91.0.4472.124)
 
2021-07-11 20:23:20 [logger ERROR] Could not recover the captcha token in the attempt #1:Error recovering capcha token:CAPCHA_NOT_READY
